The target system is: Android -  - 
The host system is: Linux - 4.2.0-19-generic - x86_64
Compiling the C compiler identification source file "CMakeCCompilerId.c" succeeded.
Compiler: /home/marcojansen/workspace/crosscompiling/toolchain/bin/arm-linux-androideabi-gcc 
Build flags: 
Id flags: 

The output was:
0


Compilation of the C compiler identification source "CMakeCCompilerId.c" produced "a.out"

The C compiler identification is GNU, found in "/home/marcojansen/workspace/crosscompiling/celix/build-arm/CMakeFiles/3.2.2/CompilerIdC/a.out"

Compiling the CXX compiler identification source file "CMakeCXXCompilerId.cpp" succeeded.
Compiler: /home/marcojansen/workspace/crosscompiling/toolchain/bin/arm-linux-androideabi-g++ 
Build flags: 
Id flags: 

The output was:
0


Compilation of the CXX compiler identification source "CMakeCXXCompilerId.cpp" produced "a.out"

The CXX compiler identification is GNU, found in "/home/marcojansen/workspace/crosscompiling/celix/build-arm/CMakeFiles/3.2.2/CompilerIdCXX/a.out"

Determining if the C compiler works passed with the following output:
Change Dir: /home/marcojansen/workspace/crosscompiling/celix/build-arm/CMakeFiles/CMakeTmp

Run Build Command:"/usr/bin/make" "cmTryCompileExec4227296917/fast"
/usr/bin/make -f CMakeFiles/cmTryCompileExec4227296917.dir/build.make CMakeFiles/cmTryCompileExec4227296917.dir/build
make[1]: Map '/home/marcojansen/workspace/crosscompiling/celix/build-arm/CMakeFiles/CMakeTmp' wordt binnengegaan
/usr/bin/cmake -E cmake_progress_report /home/marcojansen/workspace/crosscompiling/celix/build-arm/CMakeFiles/CMakeTmp/CMakeFiles 1
Building C object CMakeFiles/cmTryCompileExec4227296917.dir/testCCompiler.c.o
/home/marcojansen/workspace/crosscompiling/toolchain/bin/arm-linux-androideabi-gcc    -o CMakeFiles/cmTryCompileExec4227296917.dir/testCCompiler.c.o   -c /home/marcojansen/workspace/crosscompiling/celix/build-arm/CMakeFiles/CMakeTmp/testCCompiler.c
Linking C executable cmTryCompileExec4227296917
/usr/bin/cmake -E cmake_link_script CMakeFiles/cmTryCompileExec4227296917.dir/link.txt --verbose=1
/home/marcojansen/workspace/crosscompiling/toolchain/bin/arm-linux-androideabi-gcc       CMakeFiles/cmTryCompileExec4227296917.dir/testCCompiler.c.o  -o cmTryCompileExec4227296917  
make[1]: Map '/home/marcojansen/workspace/crosscompiling/celix/build-arm/CMakeFiles/CMakeTmp' wordt verlaten


Detecting C compiler ABI info compiled with the following output:
Change Dir: /home/marcojansen/workspace/crosscompiling/celix/build-arm/CMakeFiles/CMakeTmp

Run Build Command:"/usr/bin/make" "cmTryCompileExec1654431251/fast"
/usr/bin/make -f CMakeFiles/cmTryCompileExec1654431251.dir/build.make CMakeFiles/cmTryCompileExec1654431251.dir/build
make[1]: Map '/home/marcojansen/workspace/crosscompiling/celix/build-arm/CMakeFiles/CMakeTmp' wordt binnengegaan
/usr/bin/cmake -E cmake_progress_report /home/marcojansen/workspace/crosscompiling/celix/build-arm/CMakeFiles/CMakeTmp/CMakeFiles 1
Building C object CMakeFiles/cmTryCompileExec1654431251.dir/CMakeCCompilerABI.c.o
/home/marcojansen/workspace/crosscompiling/toolchain/bin/arm-linux-androideabi-gcc    -o CMakeFiles/cmTryCompileExec1654431251.dir/CMakeCCompilerABI.c.o   -c /usr/share/cmake-3.2/Modules/CMakeCCompilerABI.c
Linking C executable cmTryCompileExec1654431251
/usr/bin/cmake -E cmake_link_script CMakeFiles/cmTryCompileExec1654431251.dir/link.txt --verbose=1
/home/marcojansen/workspace/crosscompiling/toolchain/bin/arm-linux-androideabi-gcc      -v CMakeFiles/cmTryCompileExec1654431251.dir/CMakeCCompilerABI.c.o  -o cmTryCompileExec1654431251   
Using built-in specs.
COLLECT_GCC=/home/marcojansen/workspace/crosscompiling/toolchain/bin/arm-linux-androideabi-gcc
COLLECT_LTO_WRAPPER=/home/marcojansen/workspace/crosscompiling/toolchain/bin/../libexec/gcc/arm-linux-androideabi/4.9/lto-wrapper
Target: arm-linux-androideabi
Configured with: /s/ndk-toolchain/src/build/../gcc/gcc-4.9/configure --prefix=/tmp/ndk-andrewhsieh/build/toolchain/prefix --target=arm-linux-androideabi --host=x86_64-linux-gnu --build=x86_64-linux-gnu --with-gnu-as --with-gnu-ld --enable-languages=c,c++ --with-gmp=/tmp/ndk-andrewhsieh/build/toolchain/temp-install --with-mpfr=/tmp/ndk-andrewhsieh/build/toolchain/temp-install --with-mpc=/tmp/ndk-andrewhsieh/build/toolchain/temp-install --with-cloog=/tmp/ndk-andrewhsieh/build/toolchain/temp-install --with-isl=/tmp/ndk-andrewhsieh/build/toolchain/temp-install --with-ppl=/tmp/ndk-andrewhsieh/build/toolchain/temp-install --disable-ppl-version-check --disable-cloog-version-check --disable-isl-version-check --enable-cloog-backend=isl --with-host-libstdcxx='-static-libgcc -Wl,-Bstatic,-lstdc++,-Bdynamic -lm' --disable-libssp --enable-threads --disable-nls --disable-libmudflap --disable-libgomp --disable-libstdc__-v3 --disable-sjlj-exceptions --disable-shared --disable-tls --disable-libitm --with-float=soft --with-fpu=vfp --with-arch=armv5te --enable-target-optspace --enable-initfini-array --disable-nls --prefix=/tmp/ndk-andrewhsieh/build/toolchain/prefix --with-sysroot=/tmp/ndk-andrewhsieh/build/toolchain/prefix/sysroot --with-binutils-version=2.25 --with-mpfr-version=3.1.1 --with-mpc-version=1.0.1 --with-gmp-version=5.0.5 --with-gcc-version=4.9 --with-gdb-version=7.7 --with-python=/usr/local/google/home/andrewhsieh/mydroid/ndk/prebuilt/linux-x86_64/bin/python-config.sh --with-gxx-include-dir=/tmp/ndk-andrewhsieh/build/toolchain/prefix/include/c++/4.9 --with-bugurl=http://source.android.com/source/report-bugs.html --enable-languages=c,c++ --disable-bootstrap --enable-plugins --enable-libgomp --enable-gnu-indirect-function --disable-libsanitizer --enable-gold --enable-threads --enable-graphite=yes --with-cloog-version=0.18.0 --with-isl-version=0.11.1 --enable-eh-frame-hdr-for-static --with-arch=armv5te --program-transform-name='s&^&arm-linux-androideabi-&' --enable-gold=default
Thread model: posix
gcc version 4.9 20140827 (prerelease) (GCC) 
COMPILER_PATH=/home/marcojansen/workspace/crosscompiling/toolchain/bin/../libexec/gcc/arm-linux-androideabi/4.9/:/home/marcojansen/workspace/crosscompiling/toolchain/bin/../libexec/gcc/:/home/marcojansen/workspace/crosscompiling/toolchain/bin/../lib/gcc/arm-linux-androideabi/4.9/../../../../arm-linux-androideabi/bin/
LIBRARY_PATH=/home/marcojansen/workspace/crosscompiling/toolchain/bin/../lib/gcc/arm-linux-androideabi/4.9/:/home/marcojansen/workspace/crosscompiling/toolchain/bin/../lib/gcc/:/home/marcojansen/workspace/crosscompiling/toolchain/bin/../lib/gcc/arm-linux-androideabi/4.9/../../../../arm-linux-androideabi/lib/:/home/marcojansen/workspace/crosscompiling/toolchain/bin/../sysroot/usr/lib/
COLLECT_GCC_OPTIONS='-v' '-o' 'cmTryCompileExec1654431251' '-march=armv5te' '-mfloat-abi=soft' '-mfpu=vfp' '-mtls-dialect=gnu'
 /home/marcojansen/workspace/crosscompiling/toolchain/bin/../libexec/gcc/arm-linux-androideabi/4.9/collect2 -plugin /home/marcojansen/workspace/crosscompiling/toolchain/bin/../libexec/gcc/arm-linux-androideabi/4.9/liblto_plugin.so -plugin-opt=/home/marcojansen/workspace/crosscompiling/toolchain/bin/../libexec/gcc/arm-linux-androideabi/4.9/lto-wrapper -plugin-opt=-fresolution=/tmp/ccyxUZH7.res -plugin-opt=-pass-through=-lgcc -plugin-opt=-pass-through=-lc -plugin-opt=-pass-through=-ldl -plugin-opt=-pass-through=-lgcc --sysroot=/home/marcojansen/workspace/crosscompiling/toolchain/bin/../sysroot --eh-frame-hdr -dynamic-linker /system/bin/linker -X -m armelf_linux_eabi -z noexecstack -z relro -z now -o cmTryCompileExec1654431251 /home/marcojansen/workspace/crosscompiling/toolchain/bin/../sysroot/usr/lib/crtbegin_dynamic.o -L/home/marcojansen/workspace/crosscompiling/toolchain/bin/../lib/gcc/arm-linux-androideabi/4.9 -L/home/marcojansen/workspace/crosscompiling/toolchain/bin/../lib/gcc -L/home/marcojansen/workspace/crosscompiling/toolchain/bin/../lib/gcc/arm-linux-androideabi/4.9/../../../../arm-linux-androideabi/lib -L/home/marcojansen/workspace/crosscompiling/toolchain/bin/../sysroot/usr/lib CMakeFiles/cmTryCompileExec1654431251.dir/CMakeCCompilerABI.c.o -lgcc -lc -ldl -lgcc /home/marcojansen/workspace/crosscompiling/toolchain/bin/../sysroot/usr/lib/crtend_android.o
make[1]: Map '/home/marcojansen/workspace/crosscompiling/celix/build-arm/CMakeFiles/CMakeTmp' wordt verlaten


Parsed C implicit link information from above output:
  link line regex: [^( *|.*[/\])(arm-linux-androideabi-ld|([^/\]+-)?ld|collect2)[^/\]*( |$)]
  ignore line: [Change Dir: /home/marcojansen/workspace/crosscompiling/celix/build-arm/CMakeFiles/CMakeTmp]
  ignore line: []
  ignore line: [Run Build Command:"/usr/bin/make" "cmTryCompileExec1654431251/fast"]
  ignore line: [/usr/bin/make -f CMakeFiles/cmTryCompileExec1654431251.dir/build.make CMakeFiles/cmTryCompileExec1654431251.dir/build]
  ignore line: [make[1]: Map '/home/marcojansen/workspace/crosscompiling/celix/build-arm/CMakeFiles/CMakeTmp' wordt binnengegaan]
  ignore line: [/usr/bin/cmake -E cmake_progress_report /home/marcojansen/workspace/crosscompiling/celix/build-arm/CMakeFiles/CMakeTmp/CMakeFiles 1]
  ignore line: [Building C object CMakeFiles/cmTryCompileExec1654431251.dir/CMakeCCompilerABI.c.o]
  ignore line: [/home/marcojansen/workspace/crosscompiling/toolchain/bin/arm-linux-androideabi-gcc    -o CMakeFiles/cmTryCompileExec1654431251.dir/CMakeCCompilerABI.c.o   -c /usr/share/cmake-3.2/Modules/CMakeCCompilerABI.c]
  ignore line: [Linking C executable cmTryCompileExec1654431251]
  ignore line: [/usr/bin/cmake -E cmake_link_script CMakeFiles/cmTryCompileExec1654431251.dir/link.txt --verbose=1]
  ignore line: [/home/marcojansen/workspace/crosscompiling/toolchain/bin/arm-linux-androideabi-gcc      -v CMakeFiles/cmTryCompileExec1654431251.dir/CMakeCCompilerABI.c.o  -o cmTryCompileExec1654431251   ]
  ignore line: [Using built-in specs.]
  ignore line: [COLLECT_GCC=/home/marcojansen/workspace/crosscompiling/toolchain/bin/arm-linux-androideabi-gcc]
  ignore line: [COLLECT_LTO_WRAPPER=/home/marcojansen/workspace/crosscompiling/toolchain/bin/../libexec/gcc/arm-linux-androideabi/4.9/lto-wrapper]
  ignore line: [Target: arm-linux-androideabi]
  ignore line: [Configured with: /s/ndk-toolchain/src/build/../gcc/gcc-4.9/configure --prefix=/tmp/ndk-andrewhsieh/build/toolchain/prefix --target=arm-linux-androideabi --host=x86_64-linux-gnu --build=x86_64-linux-gnu --with-gnu-as --with-gnu-ld --enable-languages=c,c++ --with-gmp=/tmp/ndk-andrewhsieh/build/toolchain/temp-install --with-mpfr=/tmp/ndk-andrewhsieh/build/toolchain/temp-install --with-mpc=/tmp/ndk-andrewhsieh/build/toolchain/temp-install --with-cloog=/tmp/ndk-andrewhsieh/build/toolchain/temp-install --with-isl=/tmp/ndk-andrewhsieh/build/toolchain/temp-install --with-ppl=/tmp/ndk-andrewhsieh/build/toolchain/temp-install --disable-ppl-version-check --disable-cloog-version-check --disable-isl-version-check --enable-cloog-backend=isl --with-host-libstdcxx='-static-libgcc -Wl,-Bstatic,-lstdc++,-Bdynamic -lm' --disable-libssp --enable-threads --disable-nls --disable-libmudflap --disable-libgomp --disable-libstdc__-v3 --disable-sjlj-exceptions --disable-shared --disable-tls --disable-libitm --with-float=soft --with-fpu=vfp --with-arch=armv5te --enable-target-optspace --enable-initfini-array --disable-nls --prefix=/tmp/ndk-andrewhsieh/build/toolchain/prefix --with-sysroot=/tmp/ndk-andrewhsieh/build/toolchain/prefix/sysroot --with-binutils-version=2.25 --with-mpfr-version=3.1.1 --with-mpc-version=1.0.1 --with-gmp-version=5.0.5 --with-gcc-version=4.9 --with-gdb-version=7.7 --with-python=/usr/local/google/home/andrewhsieh/mydroid/ndk/prebuilt/linux-x86_64/bin/python-config.sh --with-gxx-include-dir=/tmp/ndk-andrewhsieh/build/toolchain/prefix/include/c++/4.9 --with-bugurl=http://source.android.com/source/report-bugs.html --enable-languages=c,c++ --disable-bootstrap --enable-plugins --enable-libgomp --enable-gnu-indirect-function --disable-libsanitizer --enable-gold --enable-threads --enable-graphite=yes --with-cloog-version=0.18.0 --with-isl-version=0.11.1 --enable-eh-frame-hdr-for-static --with-arch=armv5te --program-transform-name='s&^&arm-linux-androideabi-&' --enable-gold=default]
  ignore line: [Thread model: posix]
  ignore line: [gcc version 4.9 20140827 (prerelease) (GCC) ]
  ignore line: [COMPILER_PATH=/home/marcojansen/workspace/crosscompiling/toolchain/bin/../libexec/gcc/arm-linux-androideabi/4.9/:/home/marcojansen/workspace/crosscompiling/toolchain/bin/../libexec/gcc/:/home/marcojansen/workspace/crosscompiling/toolchain/bin/../lib/gcc/arm-linux-androideabi/4.9/../../../../arm-linux-androideabi/bin/]
  ignore line: [LIBRARY_PATH=/home/marcojansen/workspace/crosscompiling/toolchain/bin/../lib/gcc/arm-linux-androideabi/4.9/:/home/marcojansen/workspace/crosscompiling/toolchain/bin/../lib/gcc/:/home/marcojansen/workspace/crosscompiling/toolchain/bin/../lib/gcc/arm-linux-androideabi/4.9/../../../../arm-linux-androideabi/lib/:/home/marcojansen/workspace/crosscompiling/toolchain/bin/../sysroot/usr/lib/]
  ignore line: [COLLECT_GCC_OPTIONS='-v' '-o' 'cmTryCompileExec1654431251' '-march=armv5te' '-mfloat-abi=soft' '-mfpu=vfp' '-mtls-dialect=gnu']
  link line: [ /home/marcojansen/workspace/crosscompiling/toolchain/bin/../libexec/gcc/arm-linux-androideabi/4.9/collect2 -plugin /home/marcojansen/workspace/crosscompiling/toolchain/bin/../libexec/gcc/arm-linux-androideabi/4.9/liblto_plugin.so -plugin-opt=/home/marcojansen/workspace/crosscompiling/toolchain/bin/../libexec/gcc/arm-linux-androideabi/4.9/lto-wrapper -plugin-opt=-fresolution=/tmp/ccyxUZH7.res -plugin-opt=-pass-through=-lgcc -plugin-opt=-pass-through=-lc -plugin-opt=-pass-through=-ldl -plugin-opt=-pass-through=-lgcc --sysroot=/home/marcojansen/workspace/crosscompiling/toolchain/bin/../sysroot --eh-frame-hdr -dynamic-linker /system/bin/linker -X -m armelf_linux_eabi -z noexecstack -z relro -z now -o cmTryCompileExec1654431251 /home/marcojansen/workspace/crosscompiling/toolchain/bin/../sysroot/usr/lib/crtbegin_dynamic.o -L/home/marcojansen/workspace/crosscompiling/toolchain/bin/../lib/gcc/arm-linux-androideabi/4.9 -L/home/marcojansen/workspace/crosscompiling/toolchain/bin/../lib/gcc -L/home/marcojansen/workspace/crosscompiling/toolchain/bin/../lib/gcc/arm-linux-androideabi/4.9/../../../../arm-linux-androideabi/lib -L/home/marcojansen/workspace/crosscompiling/toolchain/bin/../sysroot/usr/lib CMakeFiles/cmTryCompileExec1654431251.dir/CMakeCCompilerABI.c.o -lgcc -lc -ldl -lgcc /home/marcojansen/workspace/crosscompiling/toolchain/bin/../sysroot/usr/lib/crtend_android.o]
    arg [/home/marcojansen/workspace/crosscompiling/toolchain/bin/../libexec/gcc/arm-linux-androideabi/4.9/collect2] ==> ignore
    arg [-plugin] ==> ignore
    arg [/home/marcojansen/workspace/crosscompiling/toolchain/bin/../libexec/gcc/arm-linux-androideabi/4.9/liblto_plugin.so] ==> ignore
    arg [-plugin-opt=/home/marcojansen/workspace/crosscompiling/toolchain/bin/../libexec/gcc/arm-linux-androideabi/4.9/lto-wrapper] ==> ignore
    arg [-plugin-opt=-fresolution=/tmp/ccyxUZH7.res] ==> ignore
    arg [-plugin-opt=-pass-through=-lgcc] ==> ignore
    arg [-plugin-opt=-pass-through=-lc] ==> ignore
    arg [-plugin-opt=-pass-through=-ldl] ==> ignore
    arg [-plugin-opt=-pass-through=-lgcc] ==> ignore
    arg [--sysroot=/home/marcojansen/workspace/crosscompiling/toolchain/bin/../sysroot] ==> ignore
    arg [--eh-frame-hdr] ==> ignore
    arg [-dynamic-linker] ==> ignore
    arg [/system/bin/linker] ==> ignore
    arg [-X] ==> ignore
    arg [-m] ==> ignore
    arg [armelf_linux_eabi] ==> ignore
    arg [-znoexecstack] ==> ignore
    arg [-zrelro] ==> ignore
    arg [-znow] ==> ignore
    arg [-o] ==> ignore
    arg [cmTryCompileExec1654431251] ==> ignore
    arg [/home/marcojansen/workspace/crosscompiling/toolchain/bin/../sysroot/usr/lib/crtbegin_dynamic.o] ==> ignore
    arg [-L/home/marcojansen/workspace/crosscompiling/toolchain/bin/../lib/gcc/arm-linux-androideabi/4.9] ==> dir [/home/marcojansen/workspace/crosscompiling/toolchain/bin/../lib/gcc/arm-linux-androideabi/4.9]
    arg [-L/home/marcojansen/workspace/crosscompiling/toolchain/bin/../lib/gcc] ==> dir [/home/marcojansen/workspace/crosscompiling/toolchain/bin/../lib/gcc]
    arg [-L/home/marcojansen/workspace/crosscompiling/toolchain/bin/../lib/gcc/arm-linux-androideabi/4.9/../../../../arm-linux-androideabi/lib] ==> dir [/home/marcojansen/workspace/crosscompiling/toolchain/bin/../lib/gcc/arm-linux-androideabi/4.9/../../../../arm-linux-androideabi/lib]
    arg [-L/home/marcojansen/workspace/crosscompiling/toolchain/bin/../sysroot/usr/lib] ==> dir [/home/marcojansen/workspace/crosscompiling/toolchain/bin/../sysroot/usr/lib]
    arg [CMakeFiles/cmTryCompileExec1654431251.dir/CMakeCCompilerABI.c.o] ==> ignore
    arg [-lgcc] ==> lib [gcc]
    arg [-lc] ==> lib [c]
    arg [-ldl] ==> lib [dl]
    arg [-lgcc] ==> lib [gcc]
    arg [/home/marcojansen/workspace/crosscompiling/toolchain/bin/../sysroot/usr/lib/crtend_android.o] ==> ignore
  remove lib [gcc]
  remove lib [gcc]
  collapse library dir [/home/marcojansen/workspace/crosscompiling/toolchain/bin/../lib/gcc/arm-linux-androideabi/4.9] ==> [/home/marcojansen/workspace/crosscompiling/toolchain/lib/gcc/arm-linux-androideabi/4.9]
  collapse library dir [/home/marcojansen/workspace/crosscompiling/toolchain/bin/../lib/gcc] ==> [/home/marcojansen/workspace/crosscompiling/toolchain/lib/gcc]
  collapse library dir [/home/marcojansen/workspace/crosscompiling/toolchain/bin/../lib/gcc/arm-linux-androideabi/4.9/../../../../arm-linux-androideabi/lib] ==> [/home/marcojansen/workspace/crosscompiling/toolchain/arm-linux-androideabi/lib]
  collapse library dir [/home/marcojansen/workspace/crosscompiling/toolchain/bin/../sysroot/usr/lib] ==> [/home/marcojansen/workspace/crosscompiling/toolchain/sysroot/usr/lib]
  implicit libs: [c;dl]
  implicit dirs: [/home/marcojansen/workspace/crosscompiling/toolchain/lib/gcc/arm-linux-androideabi/4.9;/home/marcojansen/workspace/crosscompiling/toolchain/lib/gcc;/home/marcojansen/workspace/crosscompiling/toolchain/arm-linux-androideabi/lib;/home/marcojansen/workspace/crosscompiling/toolchain/sysroot/usr/lib]
  implicit fwks: []




Detecting C [-std=c11] compiler features compiled with the following output:
Change Dir: /home/marcojansen/workspace/crosscompiling/celix/build-arm/CMakeFiles/CMakeTmp

Run Build Command:"/usr/bin/make" "cmTryCompileExec1967889786/fast"
/usr/bin/make -f CMakeFiles/cmTryCompileExec1967889786.dir/build.make CMakeFiles/cmTryCompileExec1967889786.dir/build
make[1]: Map '/home/marcojansen/workspace/crosscompiling/celix/build-arm/CMakeFiles/CMakeTmp' wordt binnengegaan
/usr/bin/cmake -E cmake_progress_report /home/marcojansen/workspace/crosscompiling/celix/build-arm/CMakeFiles/CMakeTmp/CMakeFiles 1
Building C object CMakeFiles/cmTryCompileExec1967889786.dir/feature_tests.c.o
/home/marcojansen/workspace/crosscompiling/toolchain/bin/arm-linux-androideabi-gcc   -std=c11 -o CMakeFiles/cmTryCompileExec1967889786.dir/feature_tests.c.o   -c /home/marcojansen/workspace/crosscompiling/celix/build-arm/CMakeFiles/feature_tests.c
Linking C executable cmTryCompileExec1967889786
/usr/bin/cmake -E cmake_link_script CMakeFiles/cmTryCompileExec1967889786.dir/link.txt --verbose=1
/home/marcojansen/workspace/crosscompiling/toolchain/bin/arm-linux-androideabi-gcc       CMakeFiles/cmTryCompileExec1967889786.dir/feature_tests.c.o  -o cmTryCompileExec1967889786  
make[1]: Map '/home/marcojansen/workspace/crosscompiling/celix/build-arm/CMakeFiles/CMakeTmp' wordt verlaten


    Feature record: C_FEATURE:1c_function_prototypes
    Feature record: C_FEATURE:1c_restrict
    Feature record: C_FEATURE:1c_static_assert
    Feature record: C_FEATURE:1c_variadic_macros


Detecting C [-std=c99] compiler features compiled with the following output:
Change Dir: /home/marcojansen/workspace/crosscompiling/celix/build-arm/CMakeFiles/CMakeTmp

Run Build Command:"/usr/bin/make" "cmTryCompileExec2847140241/fast"
/usr/bin/make -f CMakeFiles/cmTryCompileExec2847140241.dir/build.make CMakeFiles/cmTryCompileExec2847140241.dir/build
make[1]: Map '/home/marcojansen/workspace/crosscompiling/celix/build-arm/CMakeFiles/CMakeTmp' wordt binnengegaan
/usr/bin/cmake -E cmake_progress_report /home/marcojansen/workspace/crosscompiling/celix/build-arm/CMakeFiles/CMakeTmp/CMakeFiles 1
Building C object CMakeFiles/cmTryCompileExec2847140241.dir/feature_tests.c.o
/home/marcojansen/workspace/crosscompiling/toolchain/bin/arm-linux-androideabi-gcc   -std=c99 -o CMakeFiles/cmTryCompileExec2847140241.dir/feature_tests.c.o   -c /home/marcojansen/workspace/crosscompiling/celix/build-arm/CMakeFiles/feature_tests.c
Linking C executable cmTryCompileExec2847140241
/usr/bin/cmake -E cmake_link_script CMakeFiles/cmTryCompileExec2847140241.dir/link.txt --verbose=1
/home/marcojansen/workspace/crosscompiling/toolchain/bin/arm-linux-androideabi-gcc       CMakeFiles/cmTryCompileExec2847140241.dir/feature_tests.c.o  -o cmTryCompileExec2847140241  
make[1]: Map '/home/marcojansen/workspace/crosscompiling/celix/build-arm/CMakeFiles/CMakeTmp' wordt verlaten


    Feature record: C_FEATURE:1c_function_prototypes
    Feature record: C_FEATURE:1c_restrict
    Feature record: C_FEATURE:0c_static_assert
    Feature record: C_FEATURE:1c_variadic_macros


Detecting C [-std=c90] compiler features compiled with the following output:
Change Dir: /home/marcojansen/workspace/crosscompiling/celix/build-arm/CMakeFiles/CMakeTmp

Run Build Command:"/usr/bin/make" "cmTryCompileExec3122673859/fast"
/usr/bin/make -f CMakeFiles/cmTryCompileExec3122673859.dir/build.make CMakeFiles/cmTryCompileExec3122673859.dir/build
make[1]: Map '/home/marcojansen/workspace/crosscompiling/celix/build-arm/CMakeFiles/CMakeTmp' wordt binnengegaan
/usr/bin/cmake -E cmake_progress_report /home/marcojansen/workspace/crosscompiling/celix/build-arm/CMakeFiles/CMakeTmp/CMakeFiles 1
Building C object CMakeFiles/cmTryCompileExec3122673859.dir/feature_tests.c.o
/home/marcojansen/workspace/crosscompiling/toolchain/bin/arm-linux-androideabi-gcc   -std=c90 -o CMakeFiles/cmTryCompileExec3122673859.dir/feature_tests.c.o   -c /home/marcojansen/workspace/crosscompiling/celix/build-arm/CMakeFiles/feature_tests.c
Linking C executable cmTryCompileExec3122673859
/usr/bin/cmake -E cmake_link_script CMakeFiles/cmTryCompileExec3122673859.dir/link.txt --verbose=1
/home/marcojansen/workspace/crosscompiling/toolchain/bin/arm-linux-androideabi-gcc       CMakeFiles/cmTryCompileExec3122673859.dir/feature_tests.c.o  -o cmTryCompileExec3122673859  
make[1]: Map '/home/marcojansen/workspace/crosscompiling/celix/build-arm/CMakeFiles/CMakeTmp' wordt verlaten


    Feature record: C_FEATURE:1c_function_prototypes
    Feature record: C_FEATURE:0c_restrict
    Feature record: C_FEATURE:0c_static_assert
    Feature record: C_FEATURE:0c_variadic_macros
Determining if the CXX compiler works passed with the following output:
Change Dir: /home/marcojansen/workspace/crosscompiling/celix/build-arm/CMakeFiles/CMakeTmp

Run Build Command:"/usr/bin/make" "cmTryCompileExec3070855226/fast"
/usr/bin/make -f CMakeFiles/cmTryCompileExec3070855226.dir/build.make CMakeFiles/cmTryCompileExec3070855226.dir/build
make[1]: Map '/home/marcojansen/workspace/crosscompiling/celix/build-arm/CMakeFiles/CMakeTmp' wordt binnengegaan
/usr/bin/cmake -E cmake_progress_report /home/marcojansen/workspace/crosscompiling/celix/build-arm/CMakeFiles/CMakeTmp/CMakeFiles 1
Building CXX object CMakeFiles/cmTryCompileExec3070855226.dir/testCXXCompiler.cxx.o
/home/marcojansen/workspace/crosscompiling/toolchain/bin/arm-linux-androideabi-g++     -o CMakeFiles/cmTryCompileExec3070855226.dir/testCXXCompiler.cxx.o -c /home/marcojansen/workspace/crosscompiling/celix/build-arm/CMakeFiles/CMakeTmp/testCXXCompiler.cxx
Linking CXX executable cmTryCompileExec3070855226
/usr/bin/cmake -E cmake_link_script CMakeFiles/cmTryCompileExec3070855226.dir/link.txt --verbose=1
/home/marcojansen/workspace/crosscompiling/toolchain/bin/arm-linux-androideabi-g++        CMakeFiles/cmTryCompileExec3070855226.dir/testCXXCompiler.cxx.o  -o cmTryCompileExec3070855226  
make[1]: Map '/home/marcojansen/workspace/crosscompiling/celix/build-arm/CMakeFiles/CMakeTmp' wordt verlaten


Detecting CXX compiler ABI info compiled with the following output:
Change Dir: /home/marcojansen/workspace/crosscompiling/celix/build-arm/CMakeFiles/CMakeTmp

Run Build Command:"/usr/bin/make" "cmTryCompileExec1752108229/fast"
/usr/bin/make -f CMakeFiles/cmTryCompileExec1752108229.dir/build.make CMakeFiles/cmTryCompileExec1752108229.dir/build
make[1]: Map '/home/marcojansen/workspace/crosscompiling/celix/build-arm/CMakeFiles/CMakeTmp' wordt binnengegaan
/usr/bin/cmake -E cmake_progress_report /home/marcojansen/workspace/crosscompiling/celix/build-arm/CMakeFiles/CMakeTmp/CMakeFiles 1
Building CXX object CMakeFiles/cmTryCompileExec1752108229.dir/CMakeCXXCompilerABI.cpp.o
/home/marcojansen/workspace/crosscompiling/toolchain/bin/arm-linux-androideabi-g++     -o CMakeFiles/cmTryCompileExec1752108229.dir/CMakeCXXCompilerABI.cpp.o -c /usr/share/cmake-3.2/Modules/CMakeCXXCompilerABI.cpp
Linking CXX executable cmTryCompileExec1752108229
/usr/bin/cmake -E cmake_link_script CMakeFiles/cmTryCompileExec1752108229.dir/link.txt --verbose=1
/home/marcojansen/workspace/crosscompiling/toolchain/bin/arm-linux-androideabi-g++       -v CMakeFiles/cmTryCompileExec1752108229.dir/CMakeCXXCompilerABI.cpp.o  -o cmTryCompileExec1752108229   
Using built-in specs.
COLLECT_GCC=/home/marcojansen/workspace/crosscompiling/toolchain/bin/arm-linux-androideabi-g++
COLLECT_LTO_WRAPPER=/home/marcojansen/workspace/crosscompiling/toolchain/bin/../libexec/gcc/arm-linux-androideabi/4.9/lto-wrapper
Target: arm-linux-androideabi
Configured with: /s/ndk-toolchain/src/build/../gcc/gcc-4.9/configure --prefix=/tmp/ndk-andrewhsieh/build/toolchain/prefix --target=arm-linux-androideabi --host=x86_64-linux-gnu --build=x86_64-linux-gnu --with-gnu-as --with-gnu-ld --enable-languages=c,c++ --with-gmp=/tmp/ndk-andrewhsieh/build/toolchain/temp-install --with-mpfr=/tmp/ndk-andrewhsieh/build/toolchain/temp-install --with-mpc=/tmp/ndk-andrewhsieh/build/toolchain/temp-install --with-cloog=/tmp/ndk-andrewhsieh/build/toolchain/temp-install --with-isl=/tmp/ndk-andrewhsieh/build/toolchain/temp-install --with-ppl=/tmp/ndk-andrewhsieh/build/toolchain/temp-install --disable-ppl-version-check --disable-cloog-version-check --disable-isl-version-check --enable-cloog-backend=isl --with-host-libstdcxx='-static-libgcc -Wl,-Bstatic,-lstdc++,-Bdynamic -lm' --disable-libssp --enable-threads --disable-nls --disable-libmudflap --disable-libgomp --disable-libstdc__-v3 --disable-sjlj-exceptions --disable-shared --disable-tls --disable-libitm --with-float=soft --with-fpu=vfp --with-arch=armv5te --enable-target-optspace --enable-initfini-array --disable-nls --prefix=/tmp/ndk-andrewhsieh/build/toolchain/prefix --with-sysroot=/tmp/ndk-andrewhsieh/build/toolchain/prefix/sysroot --with-binutils-version=2.25 --with-mpfr-version=3.1.1 --with-mpc-version=1.0.1 --with-gmp-version=5.0.5 --with-gcc-version=4.9 --with-gdb-version=7.7 --with-python=/usr/local/google/home/andrewhsieh/mydroid/ndk/prebuilt/linux-x86_64/bin/python-config.sh --with-gxx-include-dir=/tmp/ndk-andrewhsieh/build/toolchain/prefix/include/c++/4.9 --with-bugurl=http://source.android.com/source/report-bugs.html --enable-languages=c,c++ --disable-bootstrap --enable-plugins --enable-libgomp --enable-gnu-indirect-function --disable-libsanitizer --enable-gold --enable-threads --enable-graphite=yes --with-cloog-version=0.18.0 --with-isl-version=0.11.1 --enable-eh-frame-hdr-for-static --with-arch=armv5te --program-transform-name='s&^&arm-linux-androideabi-&' --enable-gold=default
Thread model: posix
gcc version 4.9 20140827 (prerelease) (GCC) 
COMPILER_PATH=/home/marcojansen/workspace/crosscompiling/toolchain/bin/../libexec/gcc/arm-linux-androideabi/4.9/:/home/marcojansen/workspace/crosscompiling/toolchain/bin/../libexec/gcc/:/home/marcojansen/workspace/crosscompiling/toolchain/bin/../lib/gcc/arm-linux-androideabi/4.9/../../../../arm-linux-androideabi/bin/
LIBRARY_PATH=/home/marcojansen/workspace/crosscompiling/toolchain/bin/../lib/gcc/arm-linux-androideabi/4.9/:/home/marcojansen/workspace/crosscompiling/toolchain/bin/../lib/gcc/:/home/marcojansen/workspace/crosscompiling/toolchain/bin/../lib/gcc/arm-linux-androideabi/4.9/../../../../arm-linux-androideabi/lib/:/home/marcojansen/workspace/crosscompiling/toolchain/bin/../sysroot/usr/lib/
COLLECT_GCC_OPTIONS='-v' '-o' 'cmTryCompileExec1752108229' '-march=armv5te' '-mfloat-abi=soft' '-mfpu=vfp' '-mtls-dialect=gnu'
 /home/marcojansen/workspace/crosscompiling/toolchain/bin/../libexec/gcc/arm-linux-androideabi/4.9/collect2 -plugin /home/marcojansen/workspace/crosscompiling/toolchain/bin/../libexec/gcc/arm-linux-androideabi/4.9/liblto_plugin.so -plugin-opt=/home/marcojansen/workspace/crosscompiling/toolchain/bin/../libexec/gcc/arm-linux-androideabi/4.9/lto-wrapper -plugin-opt=-fresolution=/tmp/ccLKxjCa.res -plugin-opt=-pass-through=-lgcc -plugin-opt=-pass-through=-lc -plugin-opt=-pass-through=-ldl -plugin-opt=-pass-through=-lgcc --sysroot=/home/marcojansen/workspace/crosscompiling/toolchain/bin/../sysroot --eh-frame-hdr -dynamic-linker /system/bin/linker -X -m armelf_linux_eabi -z noexecstack -z relro -z now -o cmTryCompileExec1752108229 /home/marcojansen/workspace/crosscompiling/toolchain/bin/../sysroot/usr/lib/crtbegin_dynamic.o -L/home/marcojansen/workspace/crosscompiling/toolchain/bin/../lib/gcc/arm-linux-androideabi/4.9 -L/home/marcojansen/workspace/crosscompiling/toolchain/bin/../lib/gcc -L/home/marcojansen/workspace/crosscompiling/toolchain/bin/../lib/gcc/arm-linux-androideabi/4.9/../../../../arm-linux-androideabi/lib -L/home/marcojansen/workspace/crosscompiling/toolchain/bin/../sysroot/usr/lib CMakeFiles/cmTryCompileExec1752108229.dir/CMakeCXXCompilerABI.cpp.o -lstdc++ -lm -lgcc -lc -ldl -lgcc /home/marcojansen/workspace/crosscompiling/toolchain/bin/../sysroot/usr/lib/crtend_android.o
make[1]: Map '/home/marcojansen/workspace/crosscompiling/celix/build-arm/CMakeFiles/CMakeTmp' wordt verlaten


Parsed CXX implicit link information from above output:
  link line regex: [^( *|.*[/\])(arm-linux-androideabi-ld|([^/\]+-)?ld|collect2)[^/\]*( |$)]
  ignore line: [Change Dir: /home/marcojansen/workspace/crosscompiling/celix/build-arm/CMakeFiles/CMakeTmp]
  ignore line: []
  ignore line: [Run Build Command:"/usr/bin/make" "cmTryCompileExec1752108229/fast"]
  ignore line: [/usr/bin/make -f CMakeFiles/cmTryCompileExec1752108229.dir/build.make CMakeFiles/cmTryCompileExec1752108229.dir/build]
  ignore line: [make[1]: Map '/home/marcojansen/workspace/crosscompiling/celix/build-arm/CMakeFiles/CMakeTmp' wordt binnengegaan]
  ignore line: [/usr/bin/cmake -E cmake_progress_report /home/marcojansen/workspace/crosscompiling/celix/build-arm/CMakeFiles/CMakeTmp/CMakeFiles 1]
  ignore line: [Building CXX object CMakeFiles/cmTryCompileExec1752108229.dir/CMakeCXXCompilerABI.cpp.o]
  ignore line: [/home/marcojansen/workspace/crosscompiling/toolchain/bin/arm-linux-androideabi-g++     -o CMakeFiles/cmTryCompileExec1752108229.dir/CMakeCXXCompilerABI.cpp.o -c /usr/share/cmake-3.2/Modules/CMakeCXXCompilerABI.cpp]
  ignore line: [Linking CXX executable cmTryCompileExec1752108229]
  ignore line: [/usr/bin/cmake -E cmake_link_script CMakeFiles/cmTryCompileExec1752108229.dir/link.txt --verbose=1]
  ignore line: [/home/marcojansen/workspace/crosscompiling/toolchain/bin/arm-linux-androideabi-g++       -v CMakeFiles/cmTryCompileExec1752108229.dir/CMakeCXXCompilerABI.cpp.o  -o cmTryCompileExec1752108229   ]
  ignore line: [Using built-in specs.]
  ignore line: [COLLECT_GCC=/home/marcojansen/workspace/crosscompiling/toolchain/bin/arm-linux-androideabi-g++]
  ignore line: [COLLECT_LTO_WRAPPER=/home/marcojansen/workspace/crosscompiling/toolchain/bin/../libexec/gcc/arm-linux-androideabi/4.9/lto-wrapper]
  ignore line: [Target: arm-linux-androideabi]
  ignore line: [Configured with: /s/ndk-toolchain/src/build/../gcc/gcc-4.9/configure --prefix=/tmp/ndk-andrewhsieh/build/toolchain/prefix --target=arm-linux-androideabi --host=x86_64-linux-gnu --build=x86_64-linux-gnu --with-gnu-as --with-gnu-ld --enable-languages=c,c++ --with-gmp=/tmp/ndk-andrewhsieh/build/toolchain/temp-install --with-mpfr=/tmp/ndk-andrewhsieh/build/toolchain/temp-install --with-mpc=/tmp/ndk-andrewhsieh/build/toolchain/temp-install --with-cloog=/tmp/ndk-andrewhsieh/build/toolchain/temp-install --with-isl=/tmp/ndk-andrewhsieh/build/toolchain/temp-install --with-ppl=/tmp/ndk-andrewhsieh/build/toolchain/temp-install --disable-ppl-version-check --disable-cloog-version-check --disable-isl-version-check --enable-cloog-backend=isl --with-host-libstdcxx='-static-libgcc -Wl,-Bstatic,-lstdc++,-Bdynamic -lm' --disable-libssp --enable-threads --disable-nls --disable-libmudflap --disable-libgomp --disable-libstdc__-v3 --disable-sjlj-exceptions --disable-shared --disable-tls --disable-libitm --with-float=soft --with-fpu=vfp --with-arch=armv5te --enable-target-optspace --enable-initfini-array --disable-nls --prefix=/tmp/ndk-andrewhsieh/build/toolchain/prefix --with-sysroot=/tmp/ndk-andrewhsieh/build/toolchain/prefix/sysroot --with-binutils-version=2.25 --with-mpfr-version=3.1.1 --with-mpc-version=1.0.1 --with-gmp-version=5.0.5 --with-gcc-version=4.9 --with-gdb-version=7.7 --with-python=/usr/local/google/home/andrewhsieh/mydroid/ndk/prebuilt/linux-x86_64/bin/python-config.sh --with-gxx-include-dir=/tmp/ndk-andrewhsieh/build/toolchain/prefix/include/c++/4.9 --with-bugurl=http://source.android.com/source/report-bugs.html --enable-languages=c,c++ --disable-bootstrap --enable-plugins --enable-libgomp --enable-gnu-indirect-function --disable-libsanitizer --enable-gold --enable-threads --enable-graphite=yes --with-cloog-version=0.18.0 --with-isl-version=0.11.1 --enable-eh-frame-hdr-for-static --with-arch=armv5te --program-transform-name='s&^&arm-linux-androideabi-&' --enable-gold=default]
  ignore line: [Thread model: posix]
  ignore line: [gcc version 4.9 20140827 (prerelease) (GCC) ]
  ignore line: [COMPILER_PATH=/home/marcojansen/workspace/crosscompiling/toolchain/bin/../libexec/gcc/arm-linux-androideabi/4.9/:/home/marcojansen/workspace/crosscompiling/toolchain/bin/../libexec/gcc/:/home/marcojansen/workspace/crosscompiling/toolchain/bin/../lib/gcc/arm-linux-androideabi/4.9/../../../../arm-linux-androideabi/bin/]
  ignore line: [LIBRARY_PATH=/home/marcojansen/workspace/crosscompiling/toolchain/bin/../lib/gcc/arm-linux-androideabi/4.9/:/home/marcojansen/workspace/crosscompiling/toolchain/bin/../lib/gcc/:/home/marcojansen/workspace/crosscompiling/toolchain/bin/../lib/gcc/arm-linux-androideabi/4.9/../../../../arm-linux-androideabi/lib/:/home/marcojansen/workspace/crosscompiling/toolchain/bin/../sysroot/usr/lib/]
  ignore line: [COLLECT_GCC_OPTIONS='-v' '-o' 'cmTryCompileExec1752108229' '-march=armv5te' '-mfloat-abi=soft' '-mfpu=vfp' '-mtls-dialect=gnu']
  link line: [ /home/marcojansen/workspace/crosscompiling/toolchain/bin/../libexec/gcc/arm-linux-androideabi/4.9/collect2 -plugin /home/marcojansen/workspace/crosscompiling/toolchain/bin/../libexec/gcc/arm-linux-androideabi/4.9/liblto_plugin.so -plugin-opt=/home/marcojansen/workspace/crosscompiling/toolchain/bin/../libexec/gcc/arm-linux-androideabi/4.9/lto-wrapper -plugin-opt=-fresolution=/tmp/ccLKxjCa.res -plugin-opt=-pass-through=-lgcc -plugin-opt=-pass-through=-lc -plugin-opt=-pass-through=-ldl -plugin-opt=-pass-through=-lgcc --sysroot=/home/marcojansen/workspace/crosscompiling/toolchain/bin/../sysroot --eh-frame-hdr -dynamic-linker /system/bin/linker -X -m armelf_linux_eabi -z noexecstack -z relro -z now -o cmTryCompileExec1752108229 /home/marcojansen/workspace/crosscompiling/toolchain/bin/../sysroot/usr/lib/crtbegin_dynamic.o -L/home/marcojansen/workspace/crosscompiling/toolchain/bin/../lib/gcc/arm-linux-androideabi/4.9 -L/home/marcojansen/workspace/crosscompiling/toolchain/bin/../lib/gcc -L/home/marcojansen/workspace/crosscompiling/toolchain/bin/../lib/gcc/arm-linux-androideabi/4.9/../../../../arm-linux-androideabi/lib -L/home/marcojansen/workspace/crosscompiling/toolchain/bin/../sysroot/usr/lib CMakeFiles/cmTryCompileExec1752108229.dir/CMakeCXXCompilerABI.cpp.o -lstdc++ -lm -lgcc -lc -ldl -lgcc /home/marcojansen/workspace/crosscompiling/toolchain/bin/../sysroot/usr/lib/crtend_android.o]
    arg [/home/marcojansen/workspace/crosscompiling/toolchain/bin/../libexec/gcc/arm-linux-androideabi/4.9/collect2] ==> ignore
    arg [-plugin] ==> ignore
    arg [/home/marcojansen/workspace/crosscompiling/toolchain/bin/../libexec/gcc/arm-linux-androideabi/4.9/liblto_plugin.so] ==> ignore
    arg [-plugin-opt=/home/marcojansen/workspace/crosscompiling/toolchain/bin/../libexec/gcc/arm-linux-androideabi/4.9/lto-wrapper] ==> ignore
    arg [-plugin-opt=-fresolution=/tmp/ccLKxjCa.res] ==> ignore
    arg [-plugin-opt=-pass-through=-lgcc] ==> ignore
    arg [-plugin-opt=-pass-through=-lc] ==> ignore
    arg [-plugin-opt=-pass-through=-ldl] ==> ignore
    arg [-plugin-opt=-pass-through=-lgcc] ==> ignore
    arg [--sysroot=/home/marcojansen/workspace/crosscompiling/toolchain/bin/../sysroot] ==> ignore
    arg [--eh-frame-hdr] ==> ignore
    arg [-dynamic-linker] ==> ignore
    arg [/system/bin/linker] ==> ignore
    arg [-X] ==> ignore
    arg [-m] ==> ignore
    arg [armelf_linux_eabi] ==> ignore
    arg [-znoexecstack] ==> ignore
    arg [-zrelro] ==> ignore
    arg [-znow] ==> ignore
    arg [-o] ==> ignore
    arg [cmTryCompileExec1752108229] ==> ignore
    arg [/home/marcojansen/workspace/crosscompiling/toolchain/bin/../sysroot/usr/lib/crtbegin_dynamic.o] ==> ignore
    arg [-L/home/marcojansen/workspace/crosscompiling/toolchain/bin/../lib/gcc/arm-linux-androideabi/4.9] ==> dir [/home/marcojansen/workspace/crosscompiling/toolchain/bin/../lib/gcc/arm-linux-androideabi/4.9]
    arg [-L/home/marcojansen/workspace/crosscompiling/toolchain/bin/../lib/gcc] ==> dir [/home/marcojansen/workspace/crosscompiling/toolchain/bin/../lib/gcc]
    arg [-L/home/marcojansen/workspace/crosscompiling/toolchain/bin/../lib/gcc/arm-linux-androideabi/4.9/../../../../arm-linux-androideabi/lib] ==> dir [/home/marcojansen/workspace/crosscompiling/toolchain/bin/../lib/gcc/arm-linux-androideabi/4.9/../../../../arm-linux-androideabi/lib]
    arg [-L/home/marcojansen/workspace/crosscompiling/toolchain/bin/../sysroot/usr/lib] ==> dir [/home/marcojansen/workspace/crosscompiling/toolchain/bin/../sysroot/usr/lib]
    arg [CMakeFiles/cmTryCompileExec1752108229.dir/CMakeCXXCompilerABI.cpp.o] ==> ignore
    arg [-lstdc++] ==> lib [stdc++]
    arg [-lm] ==> lib [m]
    arg [-lgcc] ==> lib [gcc]
    arg [-lc] ==> lib [c]
    arg [-ldl] ==> lib [dl]
    arg [-lgcc] ==> lib [gcc]
    arg [/home/marcojansen/workspace/crosscompiling/toolchain/bin/../sysroot/usr/lib/crtend_android.o] ==> ignore
  remove lib [gcc]
  remove lib [gcc]
  collapse library dir [/home/marcojansen/workspace/crosscompiling/toolchain/bin/../lib/gcc/arm-linux-androideabi/4.9] ==> [/home/marcojansen/workspace/crosscompiling/toolchain/lib/gcc/arm-linux-androideabi/4.9]
  collapse library dir [/home/marcojansen/workspace/crosscompiling/toolchain/bin/../lib/gcc] ==> [/home/marcojansen/workspace/crosscompiling/toolchain/lib/gcc]
  collapse library dir [/home/marcojansen/workspace/crosscompiling/toolchain/bin/../lib/gcc/arm-linux-androideabi/4.9/../../../../arm-linux-androideabi/lib] ==> [/home/marcojansen/workspace/crosscompiling/toolchain/arm-linux-androideabi/lib]
  collapse library dir [/home/marcojansen/workspace/crosscompiling/toolchain/bin/../sysroot/usr/lib] ==> [/home/marcojansen/workspace/crosscompiling/toolchain/sysroot/usr/lib]
  implicit libs: [stdc++;m;c;dl]
  implicit dirs: [/home/marcojansen/workspace/crosscompiling/toolchain/lib/gcc/arm-linux-androideabi/4.9;/home/marcojansen/workspace/crosscompiling/toolchain/lib/gcc;/home/marcojansen/workspace/crosscompiling/toolchain/arm-linux-androideabi/lib;/home/marcojansen/workspace/crosscompiling/toolchain/sysroot/usr/lib]
  implicit fwks: []




Detecting CXX [-std=c++14] compiler features compiled with the following output:
Change Dir: /home/marcojansen/workspace/crosscompiling/celix/build-arm/CMakeFiles/CMakeTmp

Run Build Command:"/usr/bin/make" "cmTryCompileExec3189516261/fast"
/usr/bin/make -f CMakeFiles/cmTryCompileExec3189516261.dir/build.make CMakeFiles/cmTryCompileExec3189516261.dir/build
make[1]: Map '/home/marcojansen/workspace/crosscompiling/celix/build-arm/CMakeFiles/CMakeTmp' wordt binnengegaan
/usr/bin/cmake -E cmake_progress_report /home/marcojansen/workspace/crosscompiling/celix/build-arm/CMakeFiles/CMakeTmp/CMakeFiles 1
Building CXX object CMakeFiles/cmTryCompileExec3189516261.dir/feature_tests.cxx.o
/home/marcojansen/workspace/crosscompiling/toolchain/bin/arm-linux-androideabi-g++    -std=c++14 -o CMakeFiles/cmTryCompileExec3189516261.dir/feature_tests.cxx.o -c /home/marcojansen/workspace/crosscompiling/celix/build-arm/CMakeFiles/feature_tests.cxx
Linking CXX executable cmTryCompileExec3189516261
/usr/bin/cmake -E cmake_link_script CMakeFiles/cmTryCompileExec3189516261.dir/link.txt --verbose=1
/home/marcojansen/workspace/crosscompiling/toolchain/bin/arm-linux-androideabi-g++        CMakeFiles/cmTryCompileExec3189516261.dir/feature_tests.cxx.o  -o cmTryCompileExec3189516261  
make[1]: Map '/home/marcojansen/workspace/crosscompiling/celix/build-arm/CMakeFiles/CMakeTmp' wordt verlaten


    Feature record: CXX_FEATURE:0cxx_aggregate_default_initializers
    Feature record: CXX_FEATURE:1cxx_alias_templates
    Feature record: CXX_FEATURE:1cxx_alignas
    Feature record: CXX_FEATURE:1cxx_alignof
    Feature record: CXX_FEATURE:1cxx_attributes
    Feature record: CXX_FEATURE:1cxx_attribute_deprecated
    Feature record: CXX_FEATURE:1cxx_auto_type
    Feature record: CXX_FEATURE:1cxx_binary_literals
    Feature record: CXX_FEATURE:1cxx_constexpr
    Feature record: CXX_FEATURE:1cxx_contextual_conversions
    Feature record: CXX_FEATURE:1cxx_decltype
    Feature record: CXX_FEATURE:1cxx_decltype_auto
    Feature record: CXX_FEATURE:1cxx_decltype_incomplete_return_types
    Feature record: CXX_FEATURE:1cxx_default_function_template_args
    Feature record: CXX_FEATURE:1cxx_defaulted_functions
    Feature record: CXX_FEATURE:1cxx_defaulted_move_initializers
    Feature record: CXX_FEATURE:1cxx_delegating_constructors
    Feature record: CXX_FEATURE:1cxx_deleted_functions
    Feature record: CXX_FEATURE:1cxx_digit_separators
    Feature record: CXX_FEATURE:1cxx_enum_forward_declarations
    Feature record: CXX_FEATURE:1cxx_explicit_conversions
    Feature record: CXX_FEATURE:1cxx_extended_friend_declarations
    Feature record: CXX_FEATURE:1cxx_extern_templates
    Feature record: CXX_FEATURE:1cxx_final
    Feature record: CXX_FEATURE:1cxx_func_identifier
    Feature record: CXX_FEATURE:1cxx_generalized_initializers
    Feature record: CXX_FEATURE:1cxx_generic_lambdas
    Feature record: CXX_FEATURE:1cxx_inheriting_constructors
    Feature record: CXX_FEATURE:1cxx_inline_namespaces
    Feature record: CXX_FEATURE:1cxx_lambdas
    Feature record: CXX_FEATURE:1cxx_lambda_init_captures
    Feature record: CXX_FEATURE:1cxx_local_type_template_args
    Feature record: CXX_FEATURE:1cxx_long_long_type
    Feature record: CXX_FEATURE:1cxx_noexcept
    Feature record: CXX_FEATURE:1cxx_nonstatic_member_init
    Feature record: CXX_FEATURE:1cxx_nullptr
    Feature record: CXX_FEATURE:1cxx_override
    Feature record: CXX_FEATURE:1cxx_range_for
    Feature record: CXX_FEATURE:1cxx_raw_string_literals
    Feature record: CXX_FEATURE:1cxx_reference_qualified_functions
    Feature record: CXX_FEATURE:0cxx_relaxed_constexpr
    Feature record: CXX_FEATURE:1cxx_return_type_deduction
    Feature record: CXX_FEATURE:1cxx_right_angle_brackets
    Feature record: CXX_FEATURE:1cxx_rvalue_references
    Feature record: CXX_FEATURE:1cxx_sizeof_member
    Feature record: CXX_FEATURE:1cxx_static_assert
    Feature record: CXX_FEATURE:1cxx_strong_enums
    Feature record: CXX_FEATURE:1cxx_template_template_parameters
    Feature record: CXX_FEATURE:1cxx_thread_local
    Feature record: CXX_FEATURE:1cxx_trailing_return_types
    Feature record: CXX_FEATURE:1cxx_unicode_literals
    Feature record: CXX_FEATURE:1cxx_uniform_initialization
    Feature record: CXX_FEATURE:1cxx_unrestricted_unions
    Feature record: CXX_FEATURE:1cxx_user_literals
    Feature record: CXX_FEATURE:0cxx_variable_templates
    Feature record: CXX_FEATURE:1cxx_variadic_macros
    Feature record: CXX_FEATURE:1cxx_variadic_templates


Detecting CXX [-std=c++11] compiler features compiled with the following output:
Change Dir: /home/marcojansen/workspace/crosscompiling/celix/build-arm/CMakeFiles/CMakeTmp

Run Build Command:"/usr/bin/make" "cmTryCompileExec1998475728/fast"
/usr/bin/make -f CMakeFiles/cmTryCompileExec1998475728.dir/build.make CMakeFiles/cmTryCompileExec1998475728.dir/build
make[1]: Map '/home/marcojansen/workspace/crosscompiling/celix/build-arm/CMakeFiles/CMakeTmp' wordt binnengegaan
/usr/bin/cmake -E cmake_progress_report /home/marcojansen/workspace/crosscompiling/celix/build-arm/CMakeFiles/CMakeTmp/CMakeFiles 1
Building CXX object CMakeFiles/cmTryCompileExec1998475728.dir/feature_tests.cxx.o
/home/marcojansen/workspace/crosscompiling/toolchain/bin/arm-linux-androideabi-g++    -std=c++11 -o CMakeFiles/cmTryCompileExec1998475728.dir/feature_tests.cxx.o -c /home/marcojansen/workspace/crosscompiling/celix/build-arm/CMakeFiles/feature_tests.cxx
Linking CXX executable cmTryCompileExec1998475728
/usr/bin/cmake -E cmake_link_script CMakeFiles/cmTryCompileExec1998475728.dir/link.txt --verbose=1
/home/marcojansen/workspace/crosscompiling/toolchain/bin/arm-linux-androideabi-g++        CMakeFiles/cmTryCompileExec1998475728.dir/feature_tests.cxx.o  -o cmTryCompileExec1998475728  
make[1]: Map '/home/marcojansen/workspace/crosscompiling/celix/build-arm/CMakeFiles/CMakeTmp' wordt verlaten


    Feature record: CXX_FEATURE:0cxx_aggregate_default_initializers
    Feature record: CXX_FEATURE:1cxx_alias_templates
    Feature record: CXX_FEATURE:1cxx_alignas
    Feature record: CXX_FEATURE:1cxx_alignof
    Feature record: CXX_FEATURE:1cxx_attributes
    Feature record: CXX_FEATURE:0cxx_attribute_deprecated
    Feature record: CXX_FEATURE:1cxx_auto_type
    Feature record: CXX_FEATURE:0cxx_binary_literals
    Feature record: CXX_FEATURE:1cxx_constexpr
    Feature record: CXX_FEATURE:0cxx_contextual_conversions
    Feature record: CXX_FEATURE:1cxx_decltype
    Feature record: CXX_FEATURE:0cxx_decltype_auto
    Feature record: CXX_FEATURE:1cxx_decltype_incomplete_return_types
    Feature record: CXX_FEATURE:1cxx_default_function_template_args
    Feature record: CXX_FEATURE:1cxx_defaulted_functions
    Feature record: CXX_FEATURE:1cxx_defaulted_move_initializers
    Feature record: CXX_FEATURE:1cxx_delegating_constructors
    Feature record: CXX_FEATURE:1cxx_deleted_functions
    Feature record: CXX_FEATURE:0cxx_digit_separators
    Feature record: CXX_FEATURE:1cxx_enum_forward_declarations
    Feature record: CXX_FEATURE:1cxx_explicit_conversions
    Feature record: CXX_FEATURE:1cxx_extended_friend_declarations
    Feature record: CXX_FEATURE:1cxx_extern_templates
    Feature record: CXX_FEATURE:1cxx_final
    Feature record: CXX_FEATURE:1cxx_func_identifier
    Feature record: CXX_FEATURE:1cxx_generalized_initializers
    Feature record: CXX_FEATURE:0cxx_generic_lambdas
    Feature record: CXX_FEATURE:1cxx_inheriting_constructors
    Feature record: CXX_FEATURE:1cxx_inline_namespaces
    Feature record: CXX_FEATURE:1cxx_lambdas
    Feature record: CXX_FEATURE:0cxx_lambda_init_captures
    Feature record: CXX_FEATURE:1cxx_local_type_template_args
    Feature record: CXX_FEATURE:1cxx_long_long_type
    Feature record: CXX_FEATURE:1cxx_noexcept
    Feature record: CXX_FEATURE:1cxx_nonstatic_member_init
    Feature record: CXX_FEATURE:1cxx_nullptr
    Feature record: CXX_FEATURE:1cxx_override
    Feature record: CXX_FEATURE:1cxx_range_for
    Feature record: CXX_FEATURE:1cxx_raw_string_literals
    Feature record: CXX_FEATURE:1cxx_reference_qualified_functions
    Feature record: CXX_FEATURE:0cxx_relaxed_constexpr
    Feature record: CXX_FEATURE:0cxx_return_type_deduction
    Feature record: CXX_FEATURE:1cxx_right_angle_brackets
    Feature record: CXX_FEATURE:1cxx_rvalue_references
    Feature record: CXX_FEATURE:1cxx_sizeof_member
    Feature record: CXX_FEATURE:1cxx_static_assert
    Feature record: CXX_FEATURE:1cxx_strong_enums
    Feature record: CXX_FEATURE:1cxx_template_template_parameters
    Feature record: CXX_FEATURE:1cxx_thread_local
    Feature record: CXX_FEATURE:1cxx_trailing_return_types
    Feature record: CXX_FEATURE:1cxx_unicode_literals
    Feature record: CXX_FEATURE:1cxx_uniform_initialization
    Feature record: CXX_FEATURE:1cxx_unrestricted_unions
    Feature record: CXX_FEATURE:1cxx_user_literals
    Feature record: CXX_FEATURE:0cxx_variable_templates
    Feature record: CXX_FEATURE:1cxx_variadic_macros
    Feature record: CXX_FEATURE:1cxx_variadic_templates


Detecting CXX [-std=c++98] compiler features compiled with the following output:
Change Dir: /home/marcojansen/workspace/crosscompiling/celix/build-arm/CMakeFiles/CMakeTmp

Run Build Command:"/usr/bin/make" "cmTryCompileExec1687600310/fast"
/usr/bin/make -f CMakeFiles/cmTryCompileExec1687600310.dir/build.make CMakeFiles/cmTryCompileExec1687600310.dir/build
make[1]: Map '/home/marcojansen/workspace/crosscompiling/celix/build-arm/CMakeFiles/CMakeTmp' wordt binnengegaan
/usr/bin/cmake -E cmake_progress_report /home/marcojansen/workspace/crosscompiling/celix/build-arm/CMakeFiles/CMakeTmp/CMakeFiles 1
Building CXX object CMakeFiles/cmTryCompileExec1687600310.dir/feature_tests.cxx.o
/home/marcojansen/workspace/crosscompiling/toolchain/bin/arm-linux-androideabi-g++    -std=c++98 -o CMakeFiles/cmTryCompileExec1687600310.dir/feature_tests.cxx.o -c /home/marcojansen/workspace/crosscompiling/celix/build-arm/CMakeFiles/feature_tests.cxx
Linking CXX executable cmTryCompileExec1687600310
/usr/bin/cmake -E cmake_link_script CMakeFiles/cmTryCompileExec1687600310.dir/link.txt --verbose=1
/home/marcojansen/workspace/crosscompiling/toolchain/bin/arm-linux-androideabi-g++        CMakeFiles/cmTryCompileExec1687600310.dir/feature_tests.cxx.o  -o cmTryCompileExec1687600310  
make[1]: Map '/home/marcojansen/workspace/crosscompiling/celix/build-arm/CMakeFiles/CMakeTmp' wordt verlaten


    Feature record: CXX_FEATURE:0cxx_aggregate_default_initializers
    Feature record: CXX_FEATURE:0cxx_alias_templates
    Feature record: CXX_FEATURE:0cxx_alignas
    Feature record: CXX_FEATURE:0cxx_alignof
    Feature record: CXX_FEATURE:0cxx_attributes
    Feature record: CXX_FEATURE:0cxx_attribute_deprecated
    Feature record: CXX_FEATURE:0cxx_auto_type
    Feature record: CXX_FEATURE:0cxx_binary_literals
    Feature record: CXX_FEATURE:0cxx_constexpr
    Feature record: CXX_FEATURE:0cxx_contextual_conversions
    Feature record: CXX_FEATURE:0cxx_decltype
    Feature record: CXX_FEATURE:0cxx_decltype_auto
    Feature record: CXX_FEATURE:0cxx_decltype_incomplete_return_types
    Feature record: CXX_FEATURE:0cxx_default_function_template_args
    Feature record: CXX_FEATURE:0cxx_defaulted_functions
    Feature record: CXX_FEATURE:0cxx_defaulted_move_initializers
    Feature record: CXX_FEATURE:0cxx_delegating_constructors
    Feature record: CXX_FEATURE:0cxx_deleted_functions
    Feature record: CXX_FEATURE:0cxx_digit_separators
    Feature record: CXX_FEATURE:0cxx_enum_forward_declarations
    Feature record: CXX_FEATURE:0cxx_explicit_conversions
    Feature record: CXX_FEATURE:0cxx_extended_friend_declarations
    Feature record: CXX_FEATURE:0cxx_extern_templates
    Feature record: CXX_FEATURE:0cxx_final
    Feature record: CXX_FEATURE:0cxx_func_identifier
    Feature record: CXX_FEATURE:0cxx_generalized_initializers
    Feature record: CXX_FEATURE:0cxx_generic_lambdas
    Feature record: CXX_FEATURE:0cxx_inheriting_constructors
    Feature record: CXX_FEATURE:0cxx_inline_namespaces
    Feature record: CXX_FEATURE:0cxx_lambdas
    Feature record: CXX_FEATURE:0cxx_lambda_init_captures
    Feature record: CXX_FEATURE:0cxx_local_type_template_args
    Feature record: CXX_FEATURE:0cxx_long_long_type
    Feature record: CXX_FEATURE:0cxx_noexcept
    Feature record: CXX_FEATURE:0cxx_nonstatic_member_init
    Feature record: CXX_FEATURE:0cxx_nullptr
    Feature record: CXX_FEATURE:0cxx_override
    Feature record: CXX_FEATURE:0cxx_range_for
    Feature record: CXX_FEATURE:0cxx_raw_string_literals
    Feature record: CXX_FEATURE:0cxx_reference_qualified_functions
    Feature record: CXX_FEATURE:0cxx_relaxed_constexpr
    Feature record: CXX_FEATURE:0cxx_return_type_deduction
    Feature record: CXX_FEATURE:0cxx_right_angle_brackets
    Feature record: CXX_FEATURE:0cxx_rvalue_references
    Feature record: CXX_FEATURE:0cxx_sizeof_member
    Feature record: CXX_FEATURE:0cxx_static_assert
    Feature record: CXX_FEATURE:0cxx_strong_enums
    Feature record: CXX_FEATURE:1cxx_template_template_parameters
    Feature record: CXX_FEATURE:0cxx_thread_local
    Feature record: CXX_FEATURE:0cxx_trailing_return_types
    Feature record: CXX_FEATURE:0cxx_unicode_literals
    Feature record: CXX_FEATURE:0cxx_uniform_initialization
    Feature record: CXX_FEATURE:0cxx_unrestricted_unions
    Feature record: CXX_FEATURE:0cxx_user_literals
    Feature record: CXX_FEATURE:0cxx_variable_templates
    Feature record: CXX_FEATURE:0cxx_variadic_macros
    Feature record: CXX_FEATURE:0cxx_variadic_templates
